[debug] [2022-06-27T13:28:17.680Z] ----------------------------------------------------------------------
[debug] [2022-06-27T13:28:17.684Z] Command:       C:\Program Files\nodejs\node.exe C:\Users\Sasa\AppData\Roaming\npm\node_modules\firebase-tools\lib\bin\firebase.js init
[debug] [2022-06-27T13:28:17.685Z] CLI Version:   11.1.0
[debug] [2022-06-27T13:28:17.685Z] Platform:      win32
[debug] [2022-06-27T13:28:17.685Z] Node Version:  v16.14.0
[debug] [2022-06-27T13:28:17.687Z] Time:          Mon Jun 27 2022 15:28:17 GMT+0200 (South Africa Standard Time)
[debug] [2022-06-27T13:28:17.688Z] ----------------------------------------------------------------------
[debug] 
[debug] [2022-06-27T13:28:17.716Z] > command requires scopes: ["email","openid","https://www.googleapis.com/auth/cloudplatformprojects.readonly","https://www.googleapis.com/auth/firebase","https://www.googleapis.com/auth/cloud-platform"]
[debug] [2022-06-27T13:28:17.717Z] > authorizing via signed-in user (thobilenontenja198@gmail.com)
[info] 
     ######## #### ########  ######## ########     ###     ######  ########
     ##        ##  ##     ## ##       ##     ##  ##   ##  ##       ##
     ######    ##  ########  ######   ########  #########  ######  ######
     ##        ##  ##    ##  ##       ##     ## ##     ##       ## ##
     ##       #### ##     ## ######## ########  ##     ##  ######  ########

You're about to initialize a Firebase project in this directory:

  C:\Users\Sasa\Desktop\employee-1

[info] 
=== Project Setup
[info] 
[info] First, let's associate this project directory with a Firebase project.
[info] You can create multiple project aliases by running firebase use --add, 
[info] but for now we'll just set up a default project.
[info] 
[debug] [2022-06-27T13:28:51.105Z] >>> [apiv2][query] GET https://firebase.googleapis.com/v1beta1/projects pageSize=100
[debug] [2022-06-27T13:28:52.026Z] <<< [apiv2][status] GET https://firebase.googleapis.com/v1beta1/projects 200
[debug] [2022-06-27T13:28:52.027Z] <<< [apiv2][body] GET https://firebase.googleapis.com/v1beta1/projects [omitted]
[info] i  Using project three-b0939 (three) 
[info] 
=== Hosting Setup
[info] 
[info] Your public directory is the folder (relative to your project directory) that
[info] will contain Hosting assets to be uploaded with firebase deploy. If you
[info] have a build process for your assets, use your build's output directory.
[info] 
[debug] [2022-06-27T13:32:53.532Z] >>> [apiv2][query] GET https://www.gstatic.com/firebasejs/releases.json [none]
[debug] [2022-06-27T13:32:53.859Z] <<< [apiv2][status] GET https://www.gstatic.com/firebasejs/releases.json 200
[debug] [2022-06-27T13:32:53.860Z] <<< [apiv2][body] GET https://www.gstatic.com/firebasejs/releases.json {"current":{"version":"9.8.4","browserURL":"https://www.gstatic.com/firebasejs/9.8.4/firebase.js","packageURL":"https://www.gstatic.com/firebasejs/9.8.4/firebase.tgz"},"live":{"version":"9.8","browserURL":"https://www.gstatic.com/firebasejs/live/9.8/firebase.js","packageURL":"https://www.gstatic.com/firebasejs/live/9.8/firebase.tgz"},"components":{"analytics":"https://www.gstatic.com/firebasejs/9.8.4/firebase-analytics.js","app":"https://www.gstatic.com/firebasejs/9.8.4/firebase-app.js","app-check":"https://www.gstatic.com/firebasejs/9.8.4/firebase-app-check.js","auth":"https://www.gstatic.com/firebasejs/9.8.4/firebase-auth.js","auth/cordova":"https://www.gstatic.com/firebasejs/9.8.4/firebase-auth/cordova.js","auth/react-native":"https://www.gstatic.com/firebasejs/9.8.4/firebase-auth/react-native.js","functions":"https://www.gstatic.com/firebasejs/9.8.4/firebase-functions.js","firestore":"https://www.gstatic.com/firebasejs/9.8.4/firebase-firestore.js","firestore/lite":"https://www.gstatic.com/firebasejs/9.8.4/firebase-firestore/lite.js","storage":"https://www.gstatic.com/firebasejs/9.8.4/firebase-storage.js","performance":"https://www.gstatic.com/firebasejs/9.8.4/firebase-performance.js","remote-config":"https://www.gstatic.com/firebasejs/9.8.4/firebase-remote-config.js","messaging":"https://www.gstatic.com/firebasejs/9.8.4/firebase-messaging.js","messaging/sw":"https://www.gstatic.com/firebasejs/9.8.4/firebase-messaging/sw.js","database":"https://www.gstatic.com/firebasejs/9.8.4/firebase-database.js","firestore.memory":"https://www.gstatic.com/firebasejs/9.8.4/firebase-firestore.memory.js"}}
[info] +  Wrote y/index.html 
[info] 
[info] i  Detected a .git folder at C:\Users\Sasa\Desktop\employee-1 
[info] i  Authorizing with GitHub to upload your service account to a GitHub repository's secrets store. 
[info] 
[info] Visit this URL on this device to log in:
[info] https://github.com/login/oauth/authorize?client_id=89cf50f02ac6aaed3484&state=785843496&redirect_uri=http%3A%2F%2Flocalhost%3A9005&scope=read%3Auser%20repo%20public_repo
[info] 
[info] Waiting for authentication...
[debug] [2022-06-27T13:33:20.015Z] >>> [apiv2][query] POST https://github.com/login/oauth/access_token [none]
[debug] [2022-06-27T13:33:20.016Z] >>> [apiv2][body] POST https://github.com/login/oauth/access_token [stream]
[debug] [2022-06-27T13:33:21.172Z] <<< [apiv2][status] POST https://github.com/login/oauth/access_token 200
[debug] [2022-06-27T13:33:21.172Z] <<< [apiv2][body] POST https://github.com/login/oauth/access_token {"access_token":"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","token_type":"bearer","scope":"read:user,repo"}
[debug] [2022-06-27T13:33:21.228Z] >>> [apiv2][query] GET https://api.github.com/user [none]
[debug] [2022-06-27T13:33:22.148Z] <<< [apiv2][status] GET https://api.github.com/user 200
[debug] [2022-06-27T13:33:22.149Z] <<< [apiv2][body] GET https://api.github.com/user {"login":"Supa-Thobile2","id":89962674,"node_id":"MDQ6VXNlcjg5OTYyNjc0","avatar_url":"https://avatars.githubusercontent.com/u/89962674?v=4","gravatar_id":"","url":"https://api.github.com/users/Supa-Thobile2","html_url":"https://github.com/Supa-Thobile2","followers_url":"https://api.github.com/users/Supa-Thobile2/followers","following_url":"https://api.github.com/users/Supa-Thobile2/following{/other_user}","gists_url":"https://api.github.com/users/Supa-Thobile2/gists{/gist_id}","starred_url":"https://api.github.com/users/Supa-Thobile2/starred{/owner}{/repo}","subscriptions_url":"https://api.github.com/users/Supa-Thobile2/subscriptions","organizations_url":"https://api.github.com/users/Supa-Thobile2/orgs","repos_url":"https://api.github.com/users/Supa-Thobile2/repos","events_url":"https://api.github.com/users/Supa-Thobile2/events{/privacy}","received_events_url":"https://api.github.com/users/Supa-Thobile2/received_events","type":"User","site_admin":false,"name":null,"company":null,"blog":"","location":null,"email":null,"hireable":null,"bio":null,"twitter_username":null,"public_repos":14,"public_gists":0,"followers":0,"following":0,"created_at":"2021-09-02T05:56:53Z","updated_at":"2022-06-06T18:41:49Z","private_gists":0,"total_private_repos":1,"owned_private_repos":1,"disk_usage":33121,"collaborators":0,"two_factor_authentication":false,"plan":{"name":"free","space":976562499,"collaborators":0,"private_repos":10000}}
[info] 
[info] +  Success! Logged into GitHub as Supa-Thobile2 
[info] 
